0 info it worked if it ends with ok
1 verbose cli [ '/usr/local/bin/node',
1 verbose cli   '/usr/local/bin/npm',
1 verbose cli   'run',
1 verbose cli   'test',
1 verbose cli   '--',
1 verbose cli   '--watch' ]
2 info using npm@3.10.10
3 info using node@v6.10.2
4 verbose run-script [ 'pretest', 'test', 'posttest' ]
5 info lifecycle kats-instagram-clone@1.0.0~pretest: kats-instagram-clone@1.0.0
6 silly lifecycle kats-instagram-clone@1.0.0~pretest: no script for pretest, continuing
7 info lifecycle kats-instagram-clone@1.0.0~test: kats-instagram-clone@1.0.0
8 verbose lifecycle kats-instagram-clone@1.0.0~test: unsafe-perm in lifecycle true
9 verbose lifecycle kats-instagram-clone@1.0.0~test: PATH: /usr/local/lib/node_modules/npm/bin/node-gyp-bin:/Users/kat/Desktop/adv-react/instagram-clone/node_modules/.bin:/Users/kat/.rbenv/shims:/Users/kat/.rvm/gems/ruby-2.3.3/bin:/Users/kat/.rvm/gems/ruby-2.3.3@global/bin:/Users/kat/.rvm/rubies/ruby-2.3.3/bin:/Users/kat/.gem/ruby/2.0.0/bin:/usr/local/bin:/usr/bin:/bin:/usr/sbin:/sbin:/Users/kat/.rvm/bin:/Users/kat/.local/bin:/Users/kat/bin
10 verbose lifecycle kats-instagram-clone@1.0.0~test: CWD: /Users/kat/Desktop/adv-react/instagram-clone
11 silly lifecycle kats-instagram-clone@1.0.0~test: Args: [ '-c',
11 silly lifecycle   'mocha --compilers js:babel-core/register --require ./test/test_helper.js --recursive ./test "--watch"' ]
12 silly lifecycle kats-instagram-clone@1.0.0~test: Returned: code: 1  signal: null
13 info lifecycle kats-instagram-clone@1.0.0~test: Failed to exec test script
14 verbose stack Error: kats-instagram-clone@1.0.0 test: `mocha --compilers js:babel-core/register --require ./test/test_helper.js --recursive ./test "--watch"`
14 verbose stack Exit status 1
14 verbose stack     at EventEmitter.<anonymous> (/usr/local/lib/node_modules/npm/lib/utils/lifecycle.js:255:16)
14 verbose stack     at emitTwo (events.js:106:13)
14 verbose stack     at EventEmitter.emit (events.js:191:7)
14 verbose stack     at ChildProcess.<anonymous> (/usr/local/lib/node_modules/npm/lib/utils/spawn.js:40:14)
14 verbose stack     at emitTwo (events.js:106:13)
14 verbose stack     at ChildProcess.emit (events.js:191:7)
14 verbose stack     at maybeClose (internal/child_process.js:886:16)
14 verbose stack     at Process.ChildProcess._handle.onexit (internal/child_process.js:226:5)
15 verbose pkgid kats-instagram-clone@1.0.0
16 verbose cwd /Users/kat/Desktop/adv-react/instagram-clone
17 error Darwin 15.6.0
18 error argv "/usr/local/bin/node" "/usr/local/bin/npm" "run" "test" "--" "--watch"
19 error node v6.10.2
20 error npm  v3.10.10
21 error code ELIFECYCLE
22 error kats-instagram-clone@1.0.0 test: `mocha --compilers js:babel-core/register --require ./test/test_helper.js --recursive ./test "--watch"`
22 error Exit status 1
23 error Failed at the kats-instagram-clone@1.0.0 test script 'mocha --compilers js:babel-core/register --require ./test/test_helper.js --recursive ./test "--watch"'.
23 error Make sure you have the latest version of node.js and npm installed.
23 error If you do, this is most likely a problem with the kats-instagram-clone package,
23 error not with npm itself.
23 error Tell the author that this fails on your system:
23 error     mocha --compilers js:babel-core/register --require ./test/test_helper.js --recursive ./test "--watch"
23 error You can get information on how to open an issue for this project with:
23 error     npm bugs kats-instagram-clone
23 error Or if that isn't available, you can get their info via:
23 error     npm owner ls kats-instagram-clone
23 error There is likely additional logging output above.
24 verbose exit [ 1, true ]
